This file contains any messages produced by compilers while
running configure, to aid debugging if configure makes a mistake.

It was created by Apertium Kannada configure 0.1.0, which was
generated by GNU Autoconf 2.69.  Invocation command line was

  $ ./configure 

## --------- ##
## Platform. ##
## --------- ##

hostname = invo-HP-Pavilion-Notebook
uname -m = x86_64
uname -r = 4.4.0-98-generic
uname -s = Linux
uname -v = #121~14.04.1-Ubuntu SMP Wed Oct 11 11:54:55 UTC 2017

/usr/bin/uname -p = unknown
/bin/uname -X     = unknown

/bin/arch              = unknown
/usr/bin/arch -k       = unknown
/usr/convex/getsysinfo = unknown
/usr/bin/hostinfo      = unknown
/bin/machine           = unknown
/usr/bin/oslevel       = unknown
/bin/universe          = unknown

PATH: /opt/ros/indigo/bin
PATH: /usr/local/sbin
PATH: /usr/local/bin
PATH: /usr/sbin
PATH: /usr/bin
PATH: /sbin
PATH: /bin
PATH: /usr/games
PATH: /usr/local/games
PATH: /usr/local/bin


## ----------- ##
## Core tests. ##
## ----------- ##

configure:1787: checking for a BSD-compatible install
configure:1855: result: /usr/bin/install -c
configure:1866: checking whether build environment is sane
configure:1921: result: yes
configure:2072: checking for a thread-safe mkdir -p
configure:2111: result: /bin/mkdir -p
configure:2118: checking for gawk
configure:2134: found /usr/bin/gawk
configure:2145: result: gawk
configure:2156: checking whether make sets $(MAKE)
configure:2178: result: yes
configure:2207: checking whether make supports nested variables
configure:2224: result: yes
configure:2350: checking whether ln -s works
configure:2354: result: yes
configure:2365: checking for gawk
configure:2392: result: gawk
configure:2461: checking for pkg-config
configure:2479: found /usr/bin/pkg-config
configure:2491: result: /usr/bin/pkg-config
configure:2516: checking pkg-config is at least version 0.9.0
configure:2519: result: yes
configure:2529: checking for APERTIUM
configure:2536: $PKG_CONFIG --exists --print-errors "apertium >= 3.4.0"
configure:2539: $? = 0
configure:2553: $PKG_CONFIG --exists --print-errors "apertium >= 3.4.0"
configure:2556: $? = 0
configure:2614: result: yes
configure:2620: checking for LTTOOLBOX
configure:2627: $PKG_CONFIG --exists --print-errors "lttoolbox >= 3.3.2"
configure:2630: $? = 0
configure:2644: $PKG_CONFIG --exists --print-errors "lttoolbox >= 3.3.2"
configure:2647: $? = 0
configure:2705: result: yes
configure:2712: checking for cg-comp
configure:2730: found /usr/bin/cg-comp
configure:2743: result: /usr/bin/cg-comp
configure:2968: checking that generated files are newer than configure
configure:2974: result: done
configure:2982: creating ./config.status

## ---------------------- ##
## Running config.status. ##
## ---------------------- ##

This file was extended by Apertium Kannada config.status 0.1.0, which was
generated by GNU Autoconf 2.69.  Invocation command line was

  CONFIG_FILES    = 
  CONFIG_HEADERS  = 
  CONFIG_LINKS    = 
  CONFIG_COMMANDS = 
  $ ./config.status 

on invo-HP-Pavilion-Notebook

config.status:781: creating Makefile
config.status:781: creating apertium-kan.pc

## ---------------- ##
## Cache variables. ##
## ---------------- ##

ac_cv_env_APERTIUM_CFLAGS_set=
ac_cv_env_APERTIUM_CFLAGS_value=
ac_cv_env_APERTIUM_LIBS_set=
ac_cv_env_APERTIUM_LIBS_value=
ac_cv_env_LTTOOLBOX_CFLAGS_set=
ac_cv_env_LTTOOLBOX_CFLAGS_value=
ac_cv_env_LTTOOLBOX_LIBS_set=
ac_cv_env_LTTOOLBOX_LIBS_value=
ac_cv_env_PKG_CONFIG_LIBDIR_set=
ac_cv_env_PKG_CONFIG_LIBDIR_value=
ac_cv_env_PKG_CONFIG_PATH_set=set
ac_cv_env_PKG_CONFIG_PATH_value=/home/invo/catkin_ws/devel/lib/pkgconfig:/opt/ros/indigo/lib/pkgconfig:/usr/local/share/pkgconfig:/usr/local/lib/pkgconfig
ac_cv_env_PKG_CONFIG_set=
ac_cv_env_PKG_CONFIG_value=
ac_cv_env_build_alias_set=
ac_cv_env_build_alias_value=
ac_cv_env_host_alias_set=
ac_cv_env_host_alias_value=
ac_cv_env_target_alias_set=
ac_cv_env_target_alias_value=
ac_cv_path_CGCOMP=/usr/bin/cg-comp
ac_cv_path_ac_pt_PKG_CONFIG=/usr/bin/pkg-config
ac_cv_path_install='/usr/bin/install -c'
ac_cv_path_mkdir=/bin/mkdir
ac_cv_prog_AWK=gawk
ac_cv_prog_make_make_set=yes
am_cv_make_support_nested_variables=yes
pkg_cv_APERTIUM_CFLAGS='-I/usr/include/apertium-3.5 -I/usr/lib/x86_64-linux-gnu/apertium-3.5/include -I/usr/include/lttoolbox-3.4 -I/usr/lib/x86_64-linux-gnu/lttoolbox-3.4/include -I/usr/include/libxml2  '
pkg_cv_APERTIUM_LIBS='-lapertium3 -llttoolbox3 -lxml2 -lpcre  '
pkg_cv_LTTOOLBOX_CFLAGS='-I/usr/include/lttoolbox-3.4 -I/usr/lib/x86_64-linux-gnu/lttoolbox-3.4/include -I/usr/include/libxml2  '
pkg_cv_LTTOOLBOX_LIBS='-llttoolbox3 -lxml2  '

## ----------------- ##
## Output variables. ##
## ----------------- ##

ACLOCAL='${SHELL} /home/invo/aper/apertium-kan/missing aclocal-1.14'
AMTAR='$${TAR-tar}'
AM_BACKSLASH='\'
AM_DEFAULT_V='$(AM_DEFAULT_VERBOSITY)'
AM_DEFAULT_VERBOSITY='1'
AM_V='$(V)'
APERTIUM_CFLAGS='-I/usr/include/apertium-3.5 -I/usr/lib/x86_64-linux-gnu/apertium-3.5/include -I/usr/include/lttoolbox-3.4 -I/usr/lib/x86_64-linux-gnu/lttoolbox-3.4/include -I/usr/include/libxml2  '
APERTIUM_LIBS='-lapertium3 -llttoolbox3 -lxml2 -lpcre  '
AUTOCONF='${SHELL} /home/invo/aper/apertium-kan/missing autoconf'
AUTOHEADER='${SHELL} /home/invo/aper/apertium-kan/missing autoheader'
AUTOMAKE='${SHELL} /home/invo/aper/apertium-kan/missing automake-1.14'
AWK='gawk'
CGCOMP='/usr/bin/cg-comp'
CYGPATH_W='echo'
DEFS='-DPACKAGE_NAME=\"Apertium\ Kannada\" -DPACKAGE_TARNAME=\"apertium-kan\" -DPACKAGE_VERSION=\"0.1.0\" -DPACKAGE_STRING=\"Apertium\ Kannada\ 0.1.0\" -DPACKAGE_BUGREPORT=\"vidyadheeshadn98@gmail.com\" -DPACKAGE_URL=\"http://wiki.apertium.org/wiki/Apertium-kan\" -DPACKAGE=\"apertium-kan\" -DVERSION=\"0.1.0\"'
ECHO_C=''
ECHO_N='-n'
ECHO_T=''
INSTALL_DATA='${INSTALL} -m 644'
INSTALL_PROGRAM='${INSTALL}'
INSTALL_SCRIPT='${INSTALL}'
INSTALL_STRIP_PROGRAM='$(install_sh) -c -s'
LIBOBJS=''
LIBS=''
LN_S='ln -s'
LTLIBOBJS=''
LTTOOLBOX_CFLAGS='-I/usr/include/lttoolbox-3.4 -I/usr/lib/x86_64-linux-gnu/lttoolbox-3.4/include -I/usr/include/libxml2  '
LTTOOLBOX_LIBS='-llttoolbox3 -lxml2  '
MAKEINFO='${SHELL} /home/invo/aper/apertium-kan/missing makeinfo'
MKDIR_P='/bin/mkdir -p'
PACKAGE='apertium-kan'
PACKAGE_BUGREPORT='vidyadheeshadn98@gmail.com'
PACKAGE_NAME='Apertium Kannada'
PACKAGE_STRING='Apertium Kannada 0.1.0'
PACKAGE_TARNAME='apertium-kan'
PACKAGE_URL='http://wiki.apertium.org/wiki/Apertium-kan'
PACKAGE_VERSION='0.1.0'
PATH_SEPARATOR=':'
PKG_CONFIG='/usr/bin/pkg-config'
PKG_CONFIG_LIBDIR=''
PKG_CONFIG_PATH='/home/invo/catkin_ws/devel/lib/pkgconfig:/opt/ros/indigo/lib/pkgconfig:/usr/local/share/pkgconfig:/usr/local/lib/pkgconfig'
SET_MAKE=''
SHELL='/bin/bash'
STRIP=''
VERSION='0.1.0'
am__isrc=''
am__leading_dot='.'
am__tar='$${TAR-tar} chof - "$$tardir"'
am__untar='$${TAR-tar} xf -'
bindir='${exec_prefix}/bin'
build_alias=''
datadir='${datarootdir}'
datarootdir='${prefix}/share'
docdir='${datarootdir}/doc/${PACKAGE_TARNAME}'
dvidir='${docdir}'
exec_prefix='${prefix}'
host_alias=''
htmldir='${docdir}'
includedir='${prefix}/include'
infodir='${datarootdir}/info'
install_sh='${SHELL} /home/invo/aper/apertium-kan/install-sh'
libdir='${exec_prefix}/lib'
libexecdir='${exec_prefix}/libexec'
localedir='${datarootdir}/locale'
localstatedir='${prefix}/var'
mandir='${datarootdir}/man'
mkdir_p='$(MKDIR_P)'
oldincludedir='/usr/include'
pdfdir='${docdir}'
prefix='/usr/local'
program_transform_name='s,x,x,'
psdir='${docdir}'
sbindir='${exec_prefix}/sbin'
sharedstatedir='${prefix}/com'
sysconfdir='${prefix}/etc'
target_alias=''

## ------------------- ##
## File substitutions. ##
## ------------------- ##

ap_include='./ap_include.am'

## ----------- ##
## confdefs.h. ##
## ----------- ##

/* confdefs.h */
#define PACKAGE_NAME "Apertium Kannada"
#define PACKAGE_TARNAME "apertium-kan"
#define PACKAGE_VERSION "0.1.0"
#define PACKAGE_STRING "Apertium Kannada 0.1.0"
#define PACKAGE_BUGREPORT "vidyadheeshadn98@gmail.com"
#define PACKAGE_URL "http://wiki.apertium.org/wiki/Apertium-kan"
#define PACKAGE "apertium-kan"
#define VERSION "0.1.0"

configure: exit 0
